<?xml version="1.0" encoding="UTF-8"?>
<!-- Generated by org.testng.reporters.JUnitXMLReporter -->
<testsuite ignored="0" hostname="GURL5CG207721Z" failures="0" tests="6" name="Car Loan" time="0.232" errors="0" timestamp="2024-07-24T13:17:01 IST">
  <testcase classname="test.Day3" name="MobileSigninCarLoan" time="0.033"/>
  <testcase classname="test.Day3" name="MobileSignoutCarLoan" time="0.014"/>
  <testcase classname="test.Day3" name="MobileSignoutCarLoan" time="0.006"/>
  <testcase classname="test.Day3" name="MobileSignoutCarLoan" time="0.003"/>
  <testcase classname="test.Day3" name="WebLoginCarLoan" time="0.026"/>
  <testcase classname="test.Day3" name="LoginAPICarLoan" time="0.005"/>
</testsuite> <!-- Car Loan -->
