<?xml version="1.0" encoding="UTF-8"?>
<testng-results ignored="2" total="12" passed="9" failed="1" skipped="0">
  <reporter-output>
  </reporter-output>
  <suite started-at="2024-07-24T13:17:01 IST" name="Load Department" finished-at="2024-07-24T13:17:01 IST" duration-ms="232">
    <groups>
      <group name="Smoke">
        <method signature="Day2.ploan()[pri:0, instance:test.Day2@481a996b]" name="ploan" class="test.Day2"/>
        <method signature="Day4.MobileLoginHomeLoan()[pri:0, instance:test.Day4@3d51f06e]" name="MobileLoginHomeLoan" class="test.Day4"/>
      </group> <!-- Smoke -->
    </groups>
    <test started-at="2024-07-24T13:17:01 IST" name="Car Loan" finished-at="2024-07-24T13:17:01 IST" duration-ms="232">
      <class name="test.Day1">
        <test-method is-config="true" signature="AfSuite()[pri:0, instance:test.Day1@4f209819]" started-at="2024-07-24T13:17:01 IST" name="AfSuite" finished-at="2024-07-24T13:17:01 IST" duration-ms="1" status="PASS">
          <reporter-output>
          </reporter-output>
        </test-method> <!-- AfSuite -->
      </class> <!-- test.Day1 -->
      <class name="test.Day3">
        <test-method is-config="true" signature="BfSuite()[pri:0, instance:test.Day3@6379eb]" started-at="2024-07-24T13:17:01 IST" name="BfSuite" finished-at="2024-07-24T13:17:01 IST" duration-ms="15" status="PASS">
          <reporter-output>
          </reporter-output>
        </test-method> <!-- BfSuite -->
        <test-method is-config="true" signature="beforeClass()[pri:0, instance:test.Day3@6379eb]" started-at="2024-07-24T13:17:01 IST" name="beforeClass" finished-at="2024-07-24T13:17:01 IST" duration-ms="0" status="PASS">
          <reporter-output>
          </reporter-output>
        </test-method> <!-- beforeClass -->
        <test-method is-config="true" signature="BfEveryMethod()[pri:0, instance:test.Day3@6379eb]" started-at="2024-07-24T13:17:01 IST" name="BfEveryMethod" finished-at="2024-07-24T13:17:01 IST" duration-ms="1" status="PASS">
          <reporter-output>
          </reporter-output>
        </test-method> <!-- BfEveryMethod -->
        <test-method signature="MobileSigninCarLoan()[pri:0, instance:test.Day3@6379eb]" started-at="2024-07-24T13:17:01 IST" name="MobileSigninCarLoan" finished-at="2024-07-24T13:17:01 IST" duration-ms="33" status="PASS">
          <reporter-output>
          </reporter-output>
        </test-method> <!-- MobileSigninCarLoan -->
        <test-method is-config="true" signature="AfEveryMethod()[pri:0, instance:test.Day3@6379eb]" started-at="2024-07-24T13:17:01 IST" name="AfEveryMethod" finished-at="2024-07-24T13:17:01 IST" duration-ms="2" status="PASS">
          <reporter-output>
          </reporter-output>
        </test-method> <!-- AfEveryMethod -->
        <test-method is-config="true" signature="BfEveryMethod()[pri:0, instance:test.Day3@6379eb]" started-at="2024-07-24T13:17:01 IST" name="BfEveryMethod" finished-at="2024-07-24T13:17:01 IST" duration-ms="4" status="PASS">
          <reporter-output>
          </reporter-output>
        </test-method> <!-- BfEveryMethod -->
        <test-method signature="MobileSignoutCarLoan(java.lang.String,java.lang.String)[pri:0, instance:test.Day3@6379eb]" started-at="2024-07-24T13:17:01 IST" name="MobileSignoutCarLoan" data-provider="getData" finished-at="2024-07-24T13:17:01 IST" duration-ms="14" status="PASS">
          <params>
            <param index="0">
              <value>
                <![CDATA[firstsetusername]]>
              </value>
            </param>
            <param index="1">
              <value>
                <![CDATA[firstpassword]]>
              </value>
            </param>
          </params>
          <reporter-output>
          </reporter-output>
        </test-method> <!-- MobileSignoutCarLoan -->
        <test-method is-config="true" signature="AfEveryMethod()[pri:0, instance:test.Day3@6379eb]" started-at="2024-07-24T13:17:01 IST" name="AfEveryMethod" finished-at="2024-07-24T13:17:01 IST" duration-ms="1" status="PASS">
          <reporter-output>
          </reporter-output>
        </test-method> <!-- AfEveryMethod -->
        <test-method is-config="true" signature="BfEveryMethod()[pri:0, instance:test.Day3@6379eb]" started-at="2024-07-24T13:17:01 IST" name="BfEveryMethod" finished-at="2024-07-24T13:17:01 IST" duration-ms="0" status="PASS">
          <reporter-output>
          </reporter-output>
        </test-method> <!-- BfEveryMethod -->
        <test-method signature="MobileSignoutCarLoan(java.lang.String,java.lang.String)[pri:0, instance:test.Day3@6379eb]" started-at="2024-07-24T13:17:01 IST" name="MobileSignoutCarLoan" data-provider="getData" finished-at="2024-07-24T13:17:01 IST" duration-ms="6" status="PASS">
          <params>
            <param index="0">
              <value>
                <![CDATA[secondsetusername]]>
              </value>
            </param>
            <param index="1">
              <value>
                <![CDATA[secondpassword]]>
              </value>
            </param>
          </params>
          <reporter-output>
          </reporter-output>
        </test-method> <!-- MobileSignoutCarLoan -->
        <test-method is-config="true" signature="AfEveryMethod()[pri:0, instance:test.Day3@6379eb]" started-at="2024-07-24T13:17:01 IST" name="AfEveryMethod" finished-at="2024-07-24T13:17:01 IST" duration-ms="2" status="PASS">
          <reporter-output>
          </reporter-output>
        </test-method> <!-- AfEveryMethod -->
        <test-method is-config="true" signature="BfEveryMethod()[pri:0, instance:test.Day3@6379eb]" started-at="2024-07-24T13:17:01 IST" name="BfEveryMethod" finished-at="2024-07-24T13:17:01 IST" duration-ms="1" status="PASS">
          <reporter-output>
          </reporter-output>
        </test-method> <!-- BfEveryMethod -->
        <test-method signature="MobileSignoutCarLoan(java.lang.String,java.lang.String)[pri:0, instance:test.Day3@6379eb]" started-at="2024-07-24T13:17:01 IST" name="MobileSignoutCarLoan" data-provider="getData" finished-at="2024-07-24T13:17:01 IST" duration-ms="3" status="PASS">
          <params>
            <param index="0">
              <value>
                <![CDATA[thirdsetusername]]>
              </value>
            </param>
            <param index="1">
              <value>
                <![CDATA[thirdpassword]]>
              </value>
            </param>
          </params>
          <reporter-output>
          </reporter-output>
        </test-method> <!-- MobileSignoutCarLoan -->
        <test-method is-config="true" signature="AfEveryMethod()[pri:0, instance:test.Day3@6379eb]" started-at="2024-07-24T13:17:01 IST" name="AfEveryMethod" finished-at="2024-07-24T13:17:01 IST" duration-ms="1" status="PASS">
          <reporter-output>
          </reporter-output>
        </test-method> <!-- AfEveryMethod -->
        <test-method is-config="true" signature="BfEveryMethod()[pri:0, instance:test.Day3@6379eb]" started-at="2024-07-24T13:17:01 IST" name="BfEveryMethod" finished-at="2024-07-24T13:17:01 IST" duration-ms="1" status="PASS">
          <reporter-output>
          </reporter-output>
        </test-method> <!-- BfEveryMethod -->
        <test-method signature="WebLoginCarLoan(java.lang.String,java.lang.String)[pri:0, instance:test.Day3@6379eb]" started-at="2024-07-24T13:17:01 IST" name="WebLoginCarLoan" finished-at="2024-07-24T13:17:01 IST" duration-ms="26" status="PASS">
          <params>
            <param index="0">
              <value>
                <![CDATA[carloan.com]]>
              </value>
            </param>
            <param index="1">
              <value>
                <![CDATA[123456]]>
              </value>
            </param>
          </params>
          <reporter-output>
          </reporter-output>
        </test-method> <!-- WebLoginCarLoan -->
        <test-method is-config="true" signature="AfEveryMethod()[pri:0, instance:test.Day3@6379eb]" started-at="2024-07-24T13:17:01 IST" name="AfEveryMethod" finished-at="2024-07-24T13:17:01 IST" duration-ms="1" status="PASS">
          <reporter-output>
          </reporter-output>
        </test-method> <!-- AfEveryMethod -->
        <test-method is-config="true" signature="BfEveryMethod()[pri:0, instance:test.Day3@6379eb]" started-at="2024-07-24T13:17:01 IST" name="BfEveryMethod" finished-at="2024-07-24T13:17:01 IST" duration-ms="1" status="PASS">
          <reporter-output>
          </reporter-output>
        </test-method> <!-- BfEveryMethod -->
        <test-method signature="LoginAPICarLoan()[pri:0, instance:test.Day3@6379eb]" started-at="2024-07-24T13:17:01 IST" name="LoginAPICarLoan" finished-at="2024-07-24T13:17:01 IST" depends-on-methods="test.Day3.MobileSigninCarLoan, test.Day3.WebLoginCarLoan" duration-ms="5" status="PASS">
          <reporter-output>
          </reporter-output>
        </test-method> <!-- LoginAPICarLoan -->
        <test-method is-config="true" signature="AfEveryMethod()[pri:0, instance:test.Day3@6379eb]" started-at="2024-07-24T13:17:01 IST" name="AfEveryMethod" finished-at="2024-07-24T13:17:01 IST" duration-ms="2" status="PASS">
          <reporter-output>
          </reporter-output>
        </test-method> <!-- AfEveryMethod -->
        <test-method is-config="true" signature="afterClass()[pri:0, instance:test.Day3@6379eb]" started-at="2024-07-24T13:17:01 IST" name="afterClass" finished-at="2024-07-24T13:17:01 IST" duration-ms="1" status="PASS">
          <reporter-output>
          </reporter-output>
        </test-method> <!-- afterClass -->
      </class> <!-- test.Day3 -->
    </test> <!-- Car Loan -->
    <test started-at="2024-07-24T13:17:01 IST" name="Personal Loan" finished-at="2024-07-24T13:17:01 IST" duration-ms="160">
      <class name="test.Day1">
        <test-method signature="Demo()[pri:0, instance:test.Day1@4f209819]" started-at="2024-07-24T13:17:01 IST" name="Demo" finished-at="2024-07-24T13:17:01 IST" duration-ms="30" status="FAIL">
          <exception class="java.lang.AssertionError">
            <message>
              <![CDATA[expected [true] but found [false]]]>
            </message>
            <full-stacktrace>
              <![CDATA[java.lang.AssertionError: expected [true] but found [false]
at org.testng.Assert.fail(Assert.java:99)
at org.testng.Assert.failNotEquals(Assert.java:1037)
at org.testng.Assert.assertTrue(Assert.java:45)
at org.testng.Assert.assertTrue(Assert.java:55)
at test.Day1.Demo(Day1.java:20)
at java.base/jdk.internal.reflect.DirectMethodHandleAccessor.invoke(DirectMethodHandleAccessor.java:103)
at java.base/java.lang.reflect.Method.invoke(Method.java:580)
at org.testng.internal.MethodInvocationHelper.invokeMethod(MethodInvocationHelper.java:133)
at org.testng.internal.TestInvoker.invokeMethod(TestInvoker.java:598)
at org.testng.internal.TestInvoker.invokeTestMethod(TestInvoker.java:173)
at org.testng.internal.MethodRunner.runInSequence(MethodRunner.java:46)
at org.testng.internal.TestInvoker$MethodInvocationAgent.invoke(TestInvoker.java:824)
at org.testng.internal.TestInvoker.invokeTestMethods(TestInvoker.java:146)
at org.testng.internal.TestMethodWorker.invokeTestMethods(TestMethodWorker.java:146)
at org.testng.internal.TestMethodWorker.run(TestMethodWorker.java:128)
at java.base/java.util.ArrayList.forEach(ArrayList.java:1596)
at org.testng.TestRunner.privateRun(TestRunner.java:794)
at org.testng.TestRunner.run(TestRunner.java:596)
at org.testng.SuiteRunner.runTest(SuiteRunner.java:377)
at org.testng.SuiteRunner.access$000(SuiteRunner.java:28)
at org.testng.SuiteRunner$SuiteWorker.run(SuiteRunner.java:418)
at org.testng.internal.thread.ThreadUtil.lambda$execute$0(ThreadUtil.java:64)
at java.base/java.util.concurrent.FutureTask.run(FutureTask.java:317)
at java.base/java.util.concurrent.ThreadPoolExecutor.runWorker(ThreadPoolExecutor.java:1144)
at java.base/java.util.concurrent.ThreadPoolExecutor$Worker.run(ThreadPoolExecutor.java:642)
at java.base/java.lang.Thread.run(Thread.java:1583)
]]>
            </full-stacktrace>
          </exception> <!-- java.lang.AssertionError -->
          <reporter-output>
          </reporter-output>
        </test-method> <!-- Demo -->
        <test-method is-config="true" signature="LastExecution()[pri:0, instance:test.Day1@4f209819]" started-at="2024-07-24T13:17:01 IST" name="LastExecution" finished-at="2024-07-24T13:17:01 IST" duration-ms="1" status="PASS">
          <reporter-output>
          </reporter-output>
        </test-method> <!-- LastExecution -->
      </class> <!-- test.Day1 -->
      <class name="test.Day2">
        <test-method is-config="true" signature="prerequiste()[pri:0, instance:test.Day2@481a996b]" started-at="2024-07-24T13:17:01 IST" name="prerequiste" finished-at="2024-07-24T13:17:01 IST" duration-ms="1" status="PASS">
          <reporter-output>
          </reporter-output>
        </test-method> <!-- prerequiste -->
        <test-method signature="ploan()[pri:0, instance:test.Day2@481a996b]" started-at="2024-07-24T13:17:01 IST" name="ploan" finished-at="2024-07-24T13:17:01 IST" duration-ms="7" status="PASS">
          <reporter-output>
          </reporter-output>
        </test-method> <!-- ploan -->
      </class> <!-- test.Day2 -->
      <class name="test.Day4">
        <test-method signature="MobileLoginHomeLoan()[pri:0, instance:test.Day4@3d51f06e]" started-at="2024-07-24T13:17:01 IST" name="MobileLoginHomeLoan" finished-at="2024-07-24T13:17:01 IST" duration-ms="4" status="PASS">
          <reporter-output>
          </reporter-output>
        </test-method> <!-- MobileLoginHomeLoan -->
        <test-method signature="WebLoginHomeLoan(java.lang.String)[pri:0, instance:test.Day4@3d51f06e]" started-at="2024-07-24T13:17:01 IST" name="WebLoginHomeLoan" finished-at="2024-07-24T13:17:01 IST" duration-ms="7" status="PASS">
          <params>
            <param index="0">
              <value>
                <![CDATA[personal.com]]>
              </value>
            </param>
          </params>
          <reporter-output>
          </reporter-output>
        </test-method> <!-- WebLoginHomeLoan -->
      </class> <!-- test.Day4 -->
    </test> <!-- Personal Loan -->
  </suite> <!-- Load Department -->
</testng-results>
